Training  DPN ...

Epoch: 0
train:  99.59763887304665
test:  71.48119228680065
Saving..

Epoch: 1
train:  99.99543743583894
test:  75.8555133079848
Saving..

Epoch: 2
train:  99.99885935895973
test:  79.5219989136339
Saving..

Epoch: 3
train:  99.99885935895973
test:  75.69425583921782

Epoch: 4
train:  99.99885935895973
test:  78.46618685497012

Epoch: 5
train:  99.99971483973994
test:  77.52240630092341

Epoch: 6
train:  100.0
test:  76.28496740901684

Epoch: 7
train:  100.0
test:  77.25336094513851

Epoch: 8
train:  100.0
test:  76.26374932102118

Epoch: 9
train:  100.0
test:  76.89350217273221
Training  GoogLeNet ...

Epoch: 0
train:  99.74592220828106
test:  71.87245382944052

Epoch: 1
train:  99.9974335576594
test:  72.23995111352525

Epoch: 2
train:  99.99771871791947
test:  72.23316132536665

Epoch: 3
train:  99.99629291661914
test:  72.568407115698

Epoch: 4
train:  99.99942967947987
test:  72.57689435089625

Epoch: 5
train:  99.99885935895973
test:  72.72372351982618

Epoch: 6
train:  99.9991445192198
test:  72.9155350353069

Epoch: 7
train:  99.99942967947987
test:  72.75088267246062

Epoch: 8
train:  99.99771871791947
test:  73.07085143943509

Epoch: 9
train:  99.9991445192198
test:  72.71353883758827
Training  MobileNet ...

Epoch: 0
train:  99.56598608417931
test:  80.01340983161326
Saving..

Epoch: 1
train:  99.99230067297822
test:  74.5595124932102

Epoch: 2
train:  99.9974335576594
test:  78.84386882129277

Epoch: 3
train:  99.99971483973994
test:  81.11505296034764
Saving..

Epoch: 4
train:  99.99942967947987
test:  81.61240494296578
Saving..

Epoch: 5
train:  100.0
test:  81.72868006518196
Saving..

Epoch: 6
train:  100.0
test:  81.38919065725149

Epoch: 7
train:  100.0
test:  81.9018196632265
Saving..

Epoch: 8
train:  99.99942967947987
test:  82.88039788158609
Saving..

Epoch: 9
train:  100.0
test:  82.23791417707767
Training  ResNet ...

Epoch: 0
train:  99.4616174289951
test:  77.90942422596414

Epoch: 1
train:  99.99771871791947
test:  77.2465711569799

Epoch: 2
train:  99.9991445192198
test:  76.52855105920695

Epoch: 3
train:  100.0
test:  77.64292504073873

Epoch: 4
train:  100.0
test:  77.68026887561108

Epoch: 5
train:  100.0
test:  77.06579304725693

Epoch: 6
train:  100.0
test:  77.89414720260727

Epoch: 7
train:  100.0
test:  77.42310564910375

Epoch: 8
train:  99.99942967947987
test:  77.87377783813145

Epoch: 9
train:  100.0
test:  77.83558527973928
Training  ShuffleNet ...

Epoch: 0
train:  99.27768906125242
test:  76.0600556762629

Epoch: 1
train:  99.96349948671153
test:  75.94462927756653

Epoch: 2
train:  99.98659746777689
test:  76.94103068984248

Epoch: 3
train:  99.98944907037755
test:  73.49860809342748

Epoch: 4
train:  99.99344131401848
test:  71.88009234111895

Epoch: 5
train:  99.99486711531881
test:  76.37068848451928

Epoch: 6
train:  99.99458195505875
test:  72.76191607821836

Epoch: 7
train:  99.9931561537584
test:  71.96496469310158

Epoch: 8
train:  99.9974335576594
test:  73.84488728951656

Epoch: 9
train:  99.99885935895973
test:  71.66960890820206
Training  ResNeXt ...

Epoch: 0
train:  99.73679707995893
test:  76.60917979359044

Epoch: 1
train:  99.99686323713927
test:  76.43773764258555

Epoch: 2
train:  99.9991445192198
test:  76.18227186311788

Epoch: 3
train:  99.9991445192198
test:  76.72036257468767

Epoch: 4
train:  99.99942967947987
test:  76.17802824551875

Epoch: 5
train:  100.0
test:  76.36899103747963

Epoch: 6
train:  99.9991445192198
test:  76.37917571971755

Epoch: 7
train:  99.99971483973994
test:  76.52176127104835

Epoch: 8
train:  100.0
test:  76.48611488321565

Epoch: 9
train:  100.0
test:  76.71781640412819
Training  LeNet ...

Epoch: 0
train:  94.12969088627808
test:  66.63243481803367

Epoch: 1
train:  99.92985057602372
test:  73.47399511135252

Epoch: 2
train:  99.98032394205543
test:  75.33779196089083

Epoch: 3
train:  99.98773810881715
test:  74.53405078761543

Epoch: 4
train:  99.99087487167789
test:  72.50560157523086

Epoch: 5
train:  99.98859358959736
test:  74.55781504617056

Epoch: 6
train:  99.99401163453861
test:  74.99490765888105

Epoch: 7
train:  99.99515227557887
test:  66.72155078761543

Epoch: 8
train:  99.99543743583894
test:  75.04667979359044

Epoch: 9
train:  99.99543743583894
test:  75.27583514394351
Training  DenseNet ...

Epoch: 0
train:  99.56199384053838
test:  86.88128055404671
Saving..

Epoch: 1
train:  99.9840310254363
test:  84.86046985334058

Epoch: 2
train:  99.99543743583894
test:  85.99012085822922

Epoch: 3
train:  100.0
test:  86.97633758826724
Saving..

Epoch: 4
train:  99.99971483973994
test:  86.38307984790875

Epoch: 5
train:  99.99971483973994
test:  88.4369907658881
Saving..

Epoch: 6
train:  100.0
test:  89.07353340575774
Saving..

Epoch: 7
train:  100.0
test:  86.65212520369364

Epoch: 8
train:  99.99857419869967
test:  84.24684274850625

Epoch: 9
train:  100.0
test:  87.81827131993482
Training  VGG ...

Epoch: 0
train:  99.76274666362495
test:  77.9628938077132

Epoch: 1
train:  99.9974335576594
test:  76.88840983161326

Epoch: 2
train:  99.99885935895973
test:  78.40592748506246

Epoch: 3
train:  99.99942967947987
test:  78.51116920152091

Epoch: 4
train:  99.99942967947987
test:  78.84641499185226

Epoch: 5
train:  99.99971483973994
test:  78.38725556762628

Epoch: 6
train:  100.0
test:  78.51456409560022

Epoch: 7
train:  100.0
test:  78.94401819663227

Epoch: 8
train:  99.99971483973994
test:  79.10867055947854

Epoch: 9
train:  99.99971483973994
test:  78.58246197718631
